AndroidProject/MeiRenYu/app/build/outputs/logs/manifest-merger-debug-report.txt
-- Merging decision tree log ---
manifest
ADDED from src\main\AndroidManifest.xml:2:1-34:12
	package
		ADDED from src\main\AndroidManifest.xml:3:5-31
		INJECTED from src\main\AndroidManifest.xml
		INJECTED from src\main\AndroidManifest.xml
	android:versionName
		INJECTED from src\main\AndroidManifest.xml
		INJECTED from src\main\AndroidManifest.xml
	xmlns:android
		ADDED from src\main\AndroidManifest.xml:2:11-69
	android:versionCode
		INJECTED from src\main\AndroidManifest.xml
		INJECTED from src\main\AndroidManifest.xml
application
ADDED from src\main\AndroidManifest.xml:4:5-33:19
MERGED from [com.android.support:appcompat-v7:24.2.0] AndroidManifest.xml:25:5-20
MERGED from [com.android.support:support-vector-drawable:24.2.0] AndroidManifest.xml:23:5-20
MERGED from [com.android.support:support-compat:24.2.0] AndroidManifest.xml:25:5-20
MERGED from [com.android.support:animated-vector-drawable:24.2.0] AndroidManifest.xml:22:5-20
MERGED from [com.android.support:support-vector-drawable:24.2.0] AndroidManifest.xml:23:5-20
MERGED from [com.android.support:support-compat:24.2.0] AndroidManifest.xml:25:5-20
MERGED from [com.android.support:support-v4:24.2.0] AndroidManifest.xml:25:5-20
MERGED from [com.android.support:support-compat:24.2.0] AndroidManifest.xml:25:5-20
MERGED from [com.android.support:support-core-utils:24.2.0] AndroidManifest.xml:25:5-20
MERGED from [com.android.support:support-compat:24.2.0] AndroidManifest.xml:25:5-20
MERGED from [com.android.support:support-media-compat:24.2.0] AndroidManifest.xml:25:5-20
MERGED from [com.android.support:support-compat:24.2.0] AndroidManifest.xml:25:5-20
MERGED from [com.android.support:support-core-ui:24.2.0] AndroidManifest.xml:25:5-20
MERGED from [com.android.support:support-compat:24.2.0] AndroidManifest.xml:25:5-20
MERGED from [com.android.support:support-fragment:24.2.0] AndroidManifest.xml:25:5-20
MERGED from [com.android.support:support-compat:24.2.0] AndroidManifest.xml:25:5-20
MERGED from [com.android.support:support-core-utils:24.2.0] AndroidManifest.xml:25:5-20
MERGED from [com.android.support:support-compat:24.2.0] AndroidManifest.xml:25:5-20
MERGED from [com.android.support:support-media-compat:24.2.0] AndroidManifest.xml:25:5-20
MERGED from [com.android.support:support-compat:24.2.0] AndroidManifest.xml:25:5-20
MERGED from [com.android.support:support-core-ui:24.2.0] AndroidManifest.xml:25:5-20
MERGED from [com.android.support:support-compat:24.2.0] AndroidManifest.xml:25:5-20
	android:label
		ADDED from src\main\AndroidManifest.xml:7:9-41
	android:supportsRtl
		ADDED from src\main\AndroidManifest.xml:8:9-35
	android:allowBackup
		ADDED from src\main\AndroidManifest.xml:5:9-35
	android:icon
		ADDED from src\main\AndroidManifest.xml:6:9-43
	android:theme
		ADDED from src\main\AndroidManifest.xml:9:9-40
activity#com.xx.meirenyu.activity.MainActivity
ADDED from src\main\AndroidManifest.xml:10:9-15:20
	android:name
		ADDED from src\main\AndroidManifest.xml:10:19-71
intent-filter#android.intent.action.MAIN+android.intent.category.LAUNCHER
ADDED from src\main\AndroidManifest.xml:11:13-14:29
action#android.intent.action.MAIN
ADDED from src\main\AndroidManifest.xml:12:17-69
	android:name
		ADDED from src\main\AndroidManifest.xml:12:25-66
category#android.intent.category.LAUNCHER
ADDED from src\main\AndroidManifest.xml:13:17-77
	android:name
		ADDED from src\main\AndroidManifest.xml:13:27-74
activity#com.xx.meirenyu.activity.GoodsDetailaActivity
ADDED from src\main\AndroidManifest.xml:16:9-81
	android:name
		ADDED from src\main\AndroidManifest.xml:16:19-79
activity#com.xx.meirenyu.activity.SettingActivity
ADDED from src\main\AndroidManifest.xml:17:9-76
	android:name
		ADDED from src\main\AndroidManifest.xml:17:19-74
activity#com.xx.meirenyu.activity.OnlineServiceActivity
ADDED from src\main\AndroidManifest.xml:18:9-82
	android:name
		ADDED from src\main\AndroidManifest.xml:18:19-80
activity#com.xx.meirenyu.activity.GoodsSearchActivity
ADDED from src\main\AndroidManifest.xml:19:9-80
	android:name
		ADDED from src\main\AndroidManifest.xml:19:19-78
activity#com.xx.meirenyu.activity.MessageHintActivity
ADDED from src\main\AndroidManifest.xml:20:9-80
	android:name
		ADDED from src\main\AndroidManifest.xml:20:19-78
activity#com.xx.meirenyu.activity.LoginActivity
ADDED from src\main\AndroidManifest.xml:21:9-74
	android:name
		ADDED from src\main\AndroidManifest.xml:21:19-72
activity#com.xx.meirenyu.activity.MyFriendsActivity
ADDED from src\main\AndroidManifest.xml:22:9-78
	android:name
		ADDED from src\main\AndroidManifest.xml:22:19-76
activity#com.xx.meirenyu.activity.MyPlanDetailActivity
ADDED from src\main\AndroidManifest.xml:23:9-81
	android:name
		ADDED from src\main\AndroidManifest.xml:23:19-79
activity#com.xx.meirenyu.activity.MyPlanListViewActivity
ADDED from src\main\AndroidManifest.xml:24:9-83
	android:name
		ADDED from src\main\AndroidManifest.xml:24:19-81
activity#com.xx.meirenyu.activity.SetLoginActivity
ADDED from src\main\AndroidManifest.xml:25:9-77
	android:name
		ADDED from src\main\AndroidManifest.xml:25:19-75
activity#com.xx.meirenyu.activity.SetWeiboActivity
ADDED from src\main\AndroidManifest.xml:26:9-77
	android:name
		ADDED from src\main\AndroidManifest.xml:26:19-75
activity#com.xx.meirenyu.activity.SetRegisterActivity
ADDED from src\main\AndroidManifest.xml:27:9-80
	android:name
		ADDED from src\main\AndroidManifest.xml:27:19-78
activity#com.xx.meirenyu.activity.ShareAppActivity
ADDED from src\main\AndroidManifest.xml:28:9-77
	android:name
		ADDED from src\main\AndroidManifest.xml:28:19-75
activity#com.xx.meirenyu.activity.AboutUsActivity
ADDED from src\main\AndroidManifest.xml:29:9-76
	android:name
		ADDED from src\main\AndroidManifest.xml:29:19-74
activity#com.xx.meirenyu.activity.ChatPageActivity
ADDED from src\main\AndroidManifest.xml:30:9-77
	android:name
		ADDED from src\main\AndroidManifest.xml:30:19-75
activity#com.xx.meirenyu.activity.AlreadyLogInActivity
ADDED from src\main\AndroidManifest.xml:31:9-81
	android:name
		ADDED from src\main\AndroidManifest.xml:31:19-79
activity#com.xx.meirenyu.activity.ShopCartJieSuanActivity
ADDED from src\main\AndroidManifest.xml:32:9-84
	android:name
		ADDED from src\main\AndroidManifest.xml:32:19-82
uses-sdk
INJECTED from src\main\AndroidManifest.xml reason: use-sdk injection requested
MERGED from [com.android.support:appcompat-v7:24.2.0] AndroidManifest.xml:21:5-23:78
MERGED from [com.android.support:support-vector-drawable:24.2.0] AndroidManifest.xml:21:5-43
MERGED from [com.android.support:support-compat:24.2.0] AndroidManifest.xml:21:5-23:58
MERGED from [com.android.support:animated-vector-drawable:24.2.0] AndroidManifest.xml:20:5-44
MERGED from [com.android.support:support-vector-drawable:24.2.0] AndroidManifest.xml:21:5-43
MERGED from [com.android.support:support-compat:24.2.0] AndroidManifest.xml:21:5-23:58
MERGED from [com.android.support:support-v4:24.2.0] AndroidManifest.xml:21:5-23:54
MERGED from [com.android.support:support-compat:24.2.0] AndroidManifest.xml:21:5-23:58
MERGED from [com.android.support:support-core-utils:24.2.0] AndroidManifest.xml:21:5-23:61
MERGED from [com.android.support:support-compat:24.2.0] AndroidManifest.xml:21:5-23:58
MERGED from [com.android.support:support-media-compat:24.2.0] AndroidManifest.xml:21:5-23:63
MERGED from [com.android.support:support-compat:24.2.0] AndroidManifest.xml:21:5-23:58
MERGED from [com.android.support:support-core-ui:24.2.0] AndroidManifest.xml:21:5-23:58
MERGED from [com.android.support:support-compat:24.2.0] AndroidManifest.xml:21:5-23:58
MERGED from [com.android.support:support-fragment:24.2.0] AndroidManifest.xml:21:5-23:60
MERGED from [com.android.support:support-compat:24.2.0] AndroidManifest.xml:21:5-23:58
MERGED from [com.android.support:support-core-utils:24.2.0] AndroidManifest.xml:21:5-23:61
MERGED from [com.android.support:support-compat:24.2.0] AndroidManifest.xml:21:5-23:58
MERGED from [com.android.support:support-media-compat:24.2.0] AndroidManifest.xml:21:5-23:63
MERGED from [com.android.support:support-compat:24.2.0] AndroidManifest.xml:21:5-23:58
MERGED from [com.android.support:support-core-ui:24.2.0] AndroidManifest.xml:21:5-23:58
MERGED from [com.android.support:support-compat:24.2.0] AndroidManifest.xml:21:5-23:58
	tools:overrideLibrary
		ADDED from [com.android.support:appcompat-v7:24.2.0] AndroidManifest.xml:23:9-75
	android:targetSdkVersion
		INJECTED from src\main\AndroidManifest.xml
		INJECTED from src\main\AndroidManifest.xml
	android:minSdkVersion
		INJECTED from src\main\AndroidManifest.xml
		INJECTED from src\main\AndroidManifest.xml